{"C:\\Users\\PC07\\Desktop\\Danmacho\\API-First Ecommerce Platform\\src\\config\\config.service.ts": {"path":"C:\\Users\\PC07\\Desktop\\Danmacho\\API-First Ecommerce Platform\\src\\config\\config.service.ts","statementMap":{"0":{"start":{"line":5,"column":4},"end":{"line":5,"column":65}},"1":{"start":{"line":8,"column":4},"end":{"line":8,"column":57}},"2":{"start":{"line":12,"column":4},"end":{"line":12,"column":46}},"3":{"start":{"line":16,"column":4},"end":{"line":21,"column":6}},"4":{"start":{"line":25,"column":4},"end":{"line":29,"column":6}},"5":{"start":{"line":33,"column":4},"end":{"line":38,"column":6}},"6":{"start":{"line":3,"column":0},"end":{"line":3,"column":13}}},"fnMap":{"0":{"name":"(anonymous_0)","decl":{"start":{"line":4,"column":2},"end":{"line":4,"column":8}},"loc":{"start":{"line":4,"column":23},"end":{"line":6,"column":3}}},"1":{"name":"(anonymous_1)","decl":{"start":{"line":7,"column":2},"end":{"line":7,"column":8}},"loc":{"start":{"line":7,"column":29},"end":{"line":9,"column":3}}},"2":{"name":"(anonymous_2)","decl":{"start":{"line":11,"column":2},"end":{"line":11,"column":8}},"loc":{"start":{"line":11,"column":25},"end":{"line":13,"column":3}}},"3":{"name":"(anonymous_3)","decl":{"start":{"line":15,"column":2},"end":{"line":15,"column":8}},"loc":{"start":{"line":15,"column":25},"end":{"line":22,"column":3}}},"4":{"name":"(anonymous_4)","decl":{"start":{"line":24,"column":2},"end":{"line":24,"column":8}},"loc":{"start":{"line":24,"column":24},"end":{"line":30,"column":3}}},"5":{"name":"(anonymous_5)","decl":{"start":{"line":32,"column":2},"end":{"line":32,"column":8}},"loc":{"start":{"line":32,"column":26},"end":{"line":39,"column":3}}}},"branchMap":{"0":{"loc":{"start":{"line":5,"column":12},"end":{"line":5,"column":55}},"type":"binary-expr","locations":[{"start":{"line":5,"column":12},"end":{"line":5,"column":41}},{"start":{"line":5,"column":45},"end":{"line":5,"column":55}}]},"1":{"loc":{"start":{"line":12,"column":11},"end":{"line":12,"column":45}},"type":"binary-expr","locations":[{"start":{"line":12,"column":11},"end":{"line":12,"column":37}},{"start":{"line":12,"column":41},"end":{"line":12,"column":45}}]}},"s":{"0":0,"1":2,"2":4,"3":5,"4":0,"5":0,"6":4},"f":{"0":0,"1":2,"2":4,"3":5,"4":0,"5":0},"b":{"0":[0,0],"1":[4,3]}}
,"C:\\Users\\PC07\\Desktop\\Danmacho\\API-First Ecommerce Platform\\src\\modules\\auth\\auth.controller.ts": {"path":"C:\\Users\\PC07\\Desktop\\Danmacho\\API-First Ecommerce Platform\\src\\modules\\auth\\auth.controller.ts","statementMap":{"0":{"start":{"line":4,"column":0},"end":{"line":4,"column":79}},"1":{"start":{"line":5,"column":0},"end":{"line":5,"column":48}},"2":{"start":{"line":9,"column":0},"end":{"line":9,"column":61}},"3":{"start":{"line":10,"column":0},"end":{"line":10,"column":51}},"4":{"start":{"line":13,"column":0},"end":{"line":13,"column":67}},"5":{"start":{"line":14,"column":0},"end":{"line":14,"column":60}},"6":{"start":{"line":21,"column":12},"end":{"line":21,"column":32}},"7":{"start":{"line":22,"column":12},"end":{"line":22,"column":41}},"8":{"start":{"line":23,"column":12},"end":{"line":23,"column":45}},"9":{"start":{"line":31,"column":53},"end":{"line":31,"column":61}},"10":{"start":{"line":33,"column":25},"end":{"line":33,"column":66}},"11":{"start":{"line":34,"column":4},"end":{"line":36,"column":5}},"12":{"start":{"line":35,"column":6},"end":{"line":35,"column":56}},"13":{"start":{"line":38,"column":27},"end":{"line":38,"column":74}},"14":{"start":{"line":40,"column":17},"end":{"line":45,"column":6}},"15":{"start":{"line":47,"column":4},"end":{"line":47,"column":63}},"16":{"start":{"line":48,"column":4},"end":{"line":52,"column":8}},"17":{"start":{"line":60,"column":32},"end":{"line":60,"column":40}},"18":{"start":{"line":62,"column":17},"end":{"line":62,"column":58}},"19":{"start":{"line":63,"column":4},"end":{"line":65,"column":5}},"20":{"start":{"line":64,"column":6},"end":{"line":64,"column":49}},"21":{"start":{"line":67,"column":4},"end":{"line":69,"column":5}},"22":{"start":{"line":68,"column":6},"end":{"line":68,"column":62}},"23":{"start":{"line":71,"column":20},"end":{"line":73,"column":null}},"24":{"start":{"line":75,"column":4},"end":{"line":77,"column":5}},"25":{"start":{"line":76,"column":6},"end":{"line":76,"column":54}},"26":{"start":{"line":79,"column":18},"end":{"line":79,"column":64}},"27":{"start":{"line":80,"column":26},"end":{"line":80,"column":44}},"28":{"start":{"line":82,"column":4},"end":{"line":82,"column":49}},"29":{"start":{"line":83,"column":4},"end":{"line":83,"column":62}},"30":{"start":{"line":84,"column":4},"end":{"line":92,"column":8}},"31":{"start":{"line":96,"column":19},"end":{"line":96,"column":31}},"32":{"start":{"line":97,"column":18},"end":{"line":97,"column":35}},"33":{"start":{"line":99,"column":4},"end":{"line":99,"column":68}},"34":{"start":{"line":99,"column":17},"end":{"line":99,"column":68}},"35":{"start":{"line":101,"column":4},"end":{"line":101,"column":52}},"36":{"start":{"line":102,"column":4},"end":{"line":102,"column":53}},"37":{"start":{"line":104,"column":4},"end":{"line":107,"column":66}},"38":{"start":{"line":19,"column":0},"end":{"line":19,"column":13}}},"fnMap":{"0":{"name":"(anonymous_0)","decl":{"start":{"line":20,"column":2},"end":{"line":20,"column":null}},"loc":{"start":{"line":23,"column":45},"end":{"line":24,"column":6}}},"1":{"name":"(anonymous_1)","decl":{"start":{"line":30,"column":2},"end":{"line":30,"column":7}},"loc":{"start":{"line":30,"column":64},"end":{"line":53,"column":3}}},"2":{"name":"(anonymous_2)","decl":{"start":{"line":59,"column":2},"end":{"line":59,"column":7}},"loc":{"start":{"line":59,"column":61},"end":{"line":93,"column":3}}},"3":{"name":"(anonymous_3)","decl":{"start":{"line":95,"column":2},"end":{"line":95,"column":7}},"loc":{"start":{"line":95,"column":62},"end":{"line":108,"column":3}}}},"branchMap":{"0":{"loc":{"start":{"line":34,"column":4},"end":{"line":36,"column":5}},"type":"if","locations":[{"start":{"line":34,"column":4},"end":{"line":36,"column":5}}]},"1":{"loc":{"start":{"line":63,"column":4},"end":{"line":65,"column":5}},"type":"if","locations":[{"start":{"line":63,"column":4},"end":{"line":65,"column":5}}]},"2":{"loc":{"start":{"line":67,"column":4},"end":{"line":69,"column":5}},"type":"if","locations":[{"start":{"line":67,"column":4},"end":{"line":69,"column":5}}]},"3":{"loc":{"start":{"line":75,"column":4},"end":{"line":77,"column":5}},"type":"if","locations":[{"start":{"line":75,"column":4},"end":{"line":77,"column":5}}]},"4":{"loc":{"start":{"line":99,"column":4},"end":{"line":99,"column":68}},"type":"if","locations":[{"start":{"line":99,"column":4},"end":{"line":99,"column":68}}]}},"s":{"0":1,"1":1,"2":1,"3":1,"4":1,"5":1,"6":8,"7":8,"8":8,"9":2,"10":2,"11":2,"12":1,"13":1,"14":1,"15":1,"16":1,"17":4,"18":4,"19":4,"20":1,"21":3,"22":1,"23":2,"24":2,"25":1,"26":1,"27":1,"28":1,"29":1,"30":1,"31":2,"32":2,"33":2,"34":1,"35":1,"36":1,"37":1,"38":1},"f":{"0":8,"1":2,"2":4,"3":2},"b":{"0":[1],"1":[1],"2":[1],"3":[1],"4":[1]}}
,"C:\\Users\\PC07\\Desktop\\Danmacho\\API-First Ecommerce Platform\\src\\modules\\auth\\auth.repo.ts": {"path":"C:\\Users\\PC07\\Desktop\\Danmacho\\API-First Ecommerce Platform\\src\\modules\\auth\\auth.repo.ts","statementMap":{"0":{"start":{"line":1,"column":0},"end":{"line":1,"column":49}},"1":{"start":{"line":6,"column":0},"end":{"line":6,"column":62}},"2":{"start":{"line":7,"column":0},"end":{"line":7,"column":53}},"3":{"start":{"line":18,"column":4},"end":{"line":28,"column":7}},"4":{"start":{"line":32,"column":4},"end":{"line":36,"column":7}},"5":{"start":{"line":40,"column":4},"end":{"line":44,"column":7}},"6":{"start":{"line":47,"column":17},"end":{"line":47,"column":67}},"7":{"start":{"line":48,"column":4},"end":{"line":48,"column":58}},"8":{"start":{"line":48,"column":15},"end":{"line":48,"column":58}},"9":{"start":{"line":49,"column":4},"end":{"line":55,"column":7}},"10":{"start":{"line":56,"column":4},"end":{"line":56,"column":16}},"11":{"start":{"line":59,"column":17},"end":{"line":59,"column":64}},"12":{"start":{"line":60,"column":4},"end":{"line":60,"column":58}},"13":{"start":{"line":60,"column":15},"end":{"line":60,"column":58}},"14":{"start":{"line":62,"column":4},"end":{"line":79,"column":5}},"15":{"start":{"line":63,"column":22},"end":{"line":63,"column":75}},"16":{"start":{"line":64,"column":6},"end":{"line":67,"column":7}},"17":{"start":{"line":65,"column":8},"end":{"line":65,"column":67}},"18":{"start":{"line":66,"column":8},"end":{"line":66,"column":80}},"19":{"start":{"line":69,"column":23},"end":{"line":69,"column":79}},"20":{"start":{"line":70,"column":6},"end":{"line":77,"column":7}},"21":{"start":{"line":71,"column":8},"end":{"line":76,"column":10}},"22":{"start":{"line":78,"column":6},"end":{"line":78,"column":65}},"23":{"start":{"line":81,"column":4},"end":{"line":81,"column":16}},"24":{"start":{"line":85,"column":21},"end":{"line":87,"column":6}},"25":{"start":{"line":88,"column":4},"end":{"line":88,"column":31}},"26":{"start":{"line":8,"column":0},"end":{"line":8,"column":13}}},"fnMap":{"0":{"name":"(anonymous_1)","decl":{"start":{"line":9,"column":2},"end":{"line":9,"column":7}},"loc":{"start":{"line":17,"column":3},"end":{"line":29,"column":3}}},"1":{"name":"(anonymous_2)","decl":{"start":{"line":31,"column":2},"end":{"line":31,"column":7}},"loc":{"start":{"line":31,"column":37},"end":{"line":37,"column":3}}},"2":{"name":"(anonymous_3)","decl":{"start":{"line":39,"column":2},"end":{"line":39,"column":7}},"loc":{"start":{"line":39,"column":31},"end":{"line":45,"column":3}}},"3":{"name":"(anonymous_4)","decl":{"start":{"line":46,"column":2},"end":{"line":46,"column":7}},"loc":{"start":{"line":46,"column":48},"end":{"line":57,"column":3}}},"4":{"name":"(anonymous_5)","decl":{"start":{"line":58,"column":2},"end":{"line":58,"column":7}},"loc":{"start":{"line":58,"column":48},"end":{"line":82,"column":3}}},"5":{"name":"(anonymous_6)","decl":{"start":{"line":84,"column":2},"end":{"line":84,"column":7}},"loc":{"start":{"line":84,"column":32},"end":{"line":89,"column":3}}}},"branchMap":{"0":{"loc":{"start":{"line":21,"column":18},"end":{"line":21,"column":39}},"type":"binary-expr","locations":[{"start":{"line":21,"column":18},"end":{"line":21,"column":31}},{"start":{"line":21,"column":35},"end":{"line":21,"column":39}}]},"1":{"loc":{"start":{"line":24,"column":14},"end":{"line":24,"column":37}},"type":"binary-expr","locations":[{"start":{"line":24,"column":14},"end":{"line":24,"column":23}},{"start":{"line":24,"column":27},"end":{"line":24,"column":37}}]},"2":{"loc":{"start":{"line":26,"column":20},"end":{"line":26,"column":43}},"type":"binary-expr","locations":[{"start":{"line":26,"column":20},"end":{"line":26,"column":35}},{"start":{"line":26,"column":39},"end":{"line":26,"column":43}}]},"3":{"loc":{"start":{"line":48,"column":4},"end":{"line":48,"column":58}},"type":"if","locations":[{"start":{"line":48,"column":4},"end":{"line":48,"column":58}}]},"4":{"loc":{"start":{"line":60,"column":4},"end":{"line":60,"column":58}},"type":"if","locations":[{"start":{"line":60,"column":4},"end":{"line":60,"column":58}}]},"5":{"loc":{"start":{"line":62,"column":4},"end":{"line":79,"column":5}},"type":"if","locations":[{"start":{"line":62,"column":4},"end":{"line":79,"column":5}},{"start":{"line":68,"column":11},"end":{"line":79,"column":5}}]},"6":{"loc":{"start":{"line":64,"column":6},"end":{"line":67,"column":7}},"type":"if","locations":[{"start":{"line":64,"column":6},"end":{"line":67,"column":7}}]}},"s":{"0":1,"1":1,"2":1,"3":1,"4":1,"5":1,"6":2,"7":2,"8":2,"9":0,"10":0,"11":3,"12":3,"13":3,"14":0,"15":0,"16":0,"17":0,"18":0,"19":0,"20":0,"21":0,"22":0,"23":0,"24":2,"25":2,"26":1},"f":{"0":1,"1":1,"2":1,"3":2,"4":3,"5":2},"b":{"0":[1,0],"1":[1,0],"2":[1,1],"3":[2],"4":[3],"5":[0,0],"6":[0]}}
,"C:\\Users\\PC07\\Desktop\\Danmacho\\API-First Ecommerce Platform\\src\\modules\\auth\\auth.service.ts": {"path":"C:\\Users\\PC07\\Desktop\\Danmacho\\API-First Ecommerce Platform\\src\\modules\\auth\\auth.service.ts","statementMap":{"0":{"start":{"line":11,"column":12},"end":{"line":11,"column":26}},"1":{"start":{"line":12,"column":12},"end":{"line":12,"column":41}},"2":{"start":{"line":13,"column":12},"end":{"line":13,"column":45}},"3":{"start":{"line":25,"column":4},"end":{"line":25,"column":42}},"4":{"start":{"line":29,"column":4},"end":{"line":29,"column":50}},"5":{"start":{"line":33,"column":4},"end":{"line":33,"column":44}},"6":{"start":{"line":37,"column":4},"end":{"line":37,"column":53}},"7":{"start":{"line":41,"column":4},"end":{"line":41,"column":57}},"8":{"start":{"line":42,"column":4},"end":{"line":42,"column":52}},"9":{"start":{"line":46,"column":4},"end":{"line":46,"column":45}},"10":{"start":{"line":9,"column":0},"end":{"line":9,"column":13}}},"fnMap":{"0":{"name":"(anonymous_0)","decl":{"start":{"line":10,"column":2},"end":{"line":10,"column":null}},"loc":{"start":{"line":13,"column":45},"end":{"line":14,"column":6}}},"1":{"name":"(anonymous_1)","decl":{"start":{"line":16,"column":2},"end":{"line":16,"column":7}},"loc":{"start":{"line":24,"column":3},"end":{"line":26,"column":3}}},"2":{"name":"(anonymous_2)","decl":{"start":{"line":28,"column":2},"end":{"line":28,"column":7}},"loc":{"start":{"line":28,"column":37},"end":{"line":30,"column":3}}},"3":{"name":"(anonymous_3)","decl":{"start":{"line":32,"column":2},"end":{"line":32,"column":7}},"loc":{"start":{"line":32,"column":31},"end":{"line":34,"column":3}}},"4":{"name":"(anonymous_4)","decl":{"start":{"line":36,"column":2},"end":{"line":36,"column":7}},"loc":{"start":{"line":36,"column":48},"end":{"line":38,"column":3}}},"5":{"name":"(anonymous_5)","decl":{"start":{"line":40,"column":2},"end":{"line":40,"column":7}},"loc":{"start":{"line":40,"column":48},"end":{"line":43,"column":3}}},"6":{"name":"(anonymous_6)","decl":{"start":{"line":45,"column":2},"end":{"line":45,"column":7}},"loc":{"start":{"line":45,"column":32},"end":{"line":47,"column":3}}}},"branchMap":{},"s":{"0":9,"1":9,"2":9,"3":1,"4":2,"5":1,"6":1,"7":2,"8":2,"9":2,"10":1},"f":{"0":9,"1":1,"2":2,"3":1,"4":1,"5":2,"6":2},"b":{}}
,"C:\\Users\\PC07\\Desktop\\Danmacho\\API-First Ecommerce Platform\\src\\modules\\auth\\auth.util.ts": {"path":"C:\\Users\\PC07\\Desktop\\Danmacho\\API-First Ecommerce Platform\\src\\modules\\auth\\auth.util.ts","statementMap":{"0":{"start":{"line":2,"column":0},"end":{"line":2,"column":48}},"1":{"start":{"line":3,"column":0},"end":{"line":3,"column":51}},"2":{"start":{"line":5,"column":28},"end":{"line":12,"column":2}},"3":{"start":{"line":5,"column":44},"end":{"line":12,"column":2}},"4":{"start":{"line":5,"column":13},"end":{"line":5,"column":28}},"5":{"start":{"line":14,"column":32},"end":{"line":37,"column":1}},"6":{"start":{"line":20,"column":2},"end":{"line":23,"column":4}},"7":{"start":{"line":24,"column":2},"end":{"line":36,"column":7}},"8":{"start":{"line":14,"column":13},"end":{"line":14,"column":32}}},"fnMap":{"0":{"name":"(anonymous_0)","decl":{"start":{"line":5,"column":28},"end":{"line":5,"column":29}},"loc":{"start":{"line":5,"column":44},"end":{"line":12,"column":2}}},"1":{"name":"(anonymous_1)","decl":{"start":{"line":14,"column":32},"end":{"line":14,"column":null}},"loc":{"start":{"line":19,"column":4},"end":{"line":37,"column":1}}}},"branchMap":{},"s":{"0":2,"1":2,"2":2,"3":2,"4":2,"5":2,"6":1,"7":1,"8":2},"f":{"0":2,"1":1},"b":{}}
,"C:\\Users\\PC07\\Desktop\\Danmacho\\API-First Ecommerce Platform\\src\\modules\\auth\\crypto.service.ts": {"path":"C:\\Users\\PC07\\Desktop\\Danmacho\\API-First Ecommerce Platform\\src\\modules\\auth\\crypto.service.ts","statementMap":{"0":{"start":{"line":1,"column":0},"end":{"line":1,"column":28}},"1":{"start":{"line":9,"column":19},"end":{"line":9,"column":35}},"2":{"start":{"line":12,"column":4},"end":{"line":12,"column":50}},"3":{"start":{"line":16,"column":4},"end":{"line":16,"column":42}},"4":{"start":{"line":8,"column":0},"end":{"line":8,"column":13}}},"fnMap":{"0":{"name":"(anonymous_1)","decl":{"start":{"line":8,"column":0},"end":{"line":8,"column":13}},"loc":{"start":{"line":8,"column":0},"end":{"line":18,"column":1}}},"1":{"name":"(anonymous_2)","decl":{"start":{"line":11,"column":2},"end":{"line":11,"column":7}},"loc":{"start":{"line":11,"column":37},"end":{"line":13,"column":3}}},"2":{"name":"(anonymous_3)","decl":{"start":{"line":15,"column":2},"end":{"line":15,"column":7}},"loc":{"start":{"line":15,"column":54},"end":{"line":17,"column":3}}}},"branchMap":{},"s":{"0":1,"1":3,"2":1,"3":2,"4":1},"f":{"0":3,"1":1,"2":2},"b":{}}
,"C:\\Users\\PC07\\Desktop\\Danmacho\\API-First Ecommerce Platform\\src\\modules\\auth\\jwt.util.ts": {"path":"C:\\Users\\PC07\\Desktop\\Danmacho\\API-First Ecommerce Platform\\src\\modules\\auth\\jwt.util.ts","statementMap":{"0":{"start":{"line":12,"column":0},"end":{"line":12,"column":16}},"1":{"start":{"line":1,"column":0},"end":{"line":1,"column":48}},"2":{"start":{"line":2,"column":0},"end":{"line":2,"column":60}},"3":{"start":{"line":10,"column":19},"end":{"line":10,"column":57}},"4":{"start":{"line":18,"column":2},"end":{"line":20,"column":3}},"5":{"start":{"line":19,"column":4},"end":{"line":19,"column":46}},"6":{"start":{"line":21,"column":2},"end":{"line":21,"column":48}},"7":{"start":{"line":24,"column":27},"end":{"line":25,"column":47}},"8":{"start":{"line":25,"column":2},"end":{"line":25,"column":47}},"9":{"start":{"line":24,"column":13},"end":{"line":24,"column":27}}},"fnMap":{"0":{"name":"generateToken","decl":{"start":{"line":12,"column":16},"end":{"line":12,"column":29}},"loc":{"start":{"line":16,"column":3},"end":{"line":22,"column":1}}},"1":{"name":"(anonymous_2)","decl":{"start":{"line":24,"column":27},"end":{"line":24,"column":28}},"loc":{"start":{"line":25,"column":2},"end":{"line":25,"column":47}}}},"branchMap":{"0":{"loc":{"start":{"line":10,"column":19},"end":{"line":10,"column":57}},"type":"binary-expr","locations":[{"start":{"line":10,"column":19},"end":{"line":10,"column":41}},{"start":{"line":10,"column":45},"end":{"line":10,"column":57}}]},"1":{"loc":{"start":{"line":14,"column":2},"end":{"line":16,"column":null}},"type":"default-arg","locations":[{"start":{"line":14,"column":29},"end":{"line":16,"column":null}}]},"2":{"loc":{"start":{"line":18,"column":2},"end":{"line":20,"column":3}},"type":"if","locations":[{"start":{"line":18,"column":2},"end":{"line":20,"column":3}}]}},"s":{"0":2,"1":2,"2":2,"3":2,"4":4,"5":1,"6":3,"7":2,"8":2,"9":2},"f":{"0":4,"1":2},"b":{"0":[2,0],"1":[1],"2":[1]}}
,"C:\\Users\\PC07\\Desktop\\Danmacho\\API-First Ecommerce Platform\\src\\modules\\auth\\session.strategy.ts": {"path":"C:\\Users\\PC07\\Desktop\\Danmacho\\API-First Ecommerce Platform\\src\\modules\\auth\\session.strategy.ts","statementMap":{"0":{"start":{"line":3,"column":0},"end":{"line":3,"column":43}},"1":{"start":{"line":5,"column":0},"end":{"line":5,"column":62}},"2":{"start":{"line":6,"column":0},"end":{"line":6,"column":60}},"3":{"start":{"line":36,"column":12},"end":{"line":36,"column":49}},"4":{"start":{"line":37,"column":12},"end":{"line":37,"column":40}},"5":{"start":{"line":42,"column":4},"end":{"line":49,"column":5}},"6":{"start":{"line":43,"column":25},"end":{"line":43,"column":76}},"7":{"start":{"line":44,"column":6},"end":{"line":48,"column":7}},"8":{"start":{"line":45,"column":8},"end":{"line":47,"column":10}},"9":{"start":{"line":52,"column":18},"end":{"line":56,"column":null}},"10":{"start":{"line":59,"column":4},"end":{"line":59,"column":17}},"11":{"start":{"line":64,"column":4},"end":{"line":67,"column":5}},"12":{"start":{"line":66,"column":6},"end":{"line":66,"column":76}},"13":{"start":{"line":68,"column":4},"end":{"line":68,"column":11}},"14":{"start":{"line":33,"column":0},"end":{"line":33,"column":13}}},"fnMap":{"0":{"name":"(anonymous_0)","decl":{"start":{"line":35,"column":2},"end":{"line":35,"column":null}},"loc":{"start":{"line":37,"column":40},"end":{"line":38,"column":6}}},"1":{"name":"(anonymous_1)","decl":{"start":{"line":40,"column":2},"end":{"line":40,"column":7}},"loc":{"start":{"line":40,"column":33},"end":{"line":60,"column":3}}},"2":{"name":"(anonymous_2)","decl":{"start":{"line":62,"column":2},"end":{"line":62,"column":7}},"loc":{"start":{"line":62,"column":53},"end":{"line":69,"column":3}}}},"branchMap":{"0":{"loc":{"start":{"line":42,"column":4},"end":{"line":49,"column":5}},"type":"if","locations":[{"start":{"line":42,"column":4},"end":{"line":49,"column":5}}]},"1":{"loc":{"start":{"line":44,"column":6},"end":{"line":48,"column":7}},"type":"if","locations":[{"start":{"line":44,"column":6},"end":{"line":48,"column":7}}]},"2":{"loc":{"start":{"line":64,"column":4},"end":{"line":67,"column":5}},"type":"if","locations":[{"start":{"line":64,"column":4},"end":{"line":67,"column":5}}]}},"s":{"0":1,"1":1,"2":1,"3":5,"4":5,"5":3,"6":2,"7":2,"8":1,"9":2,"10":2,"11":2,"12":1,"13":1,"14":1},"f":{"0":5,"1":3,"2":2},"b":{"0":[2],"1":[1],"2":[1]}}
,"C:\\Users\\PC07\\Desktop\\Danmacho\\API-First Ecommerce Platform\\src\\shared\\middlewares\\asyncHandler.middleware.ts": {"path":"C:\\Users\\PC07\\Desktop\\Danmacho\\API-First Ecommerce Platform\\src\\shared\\middlewares\\asyncHandler.middleware.ts","statementMap":{"0":{"start":{"line":4,"column":2},"end":{"line":5,"column":51}},"1":{"start":{"line":4,"column":26},"end":{"line":5,"column":51}},"2":{"start":{"line":5,"column":4},"end":{"line":5,"column":51}},"3":{"start":{"line":3,"column":13},"end":{"line":3,"column":null}}},"fnMap":{"0":{"name":"(anonymous_0)","decl":{"start":{"line":4,"column":2},"end":{"line":4,"column":3}},"loc":{"start":{"line":4,"column":26},"end":{"line":5,"column":51}}},"1":{"name":"(anonymous_1)","decl":{"start":{"line":4,"column":26},"end":{"line":4,"column":27}},"loc":{"start":{"line":5,"column":4},"end":{"line":5,"column":51}}}},"branchMap":{},"s":{"0":1,"1":2,"2":2,"3":1},"f":{"0":2,"1":2},"b":{}}
,"C:\\Users\\PC07\\Desktop\\Danmacho\\API-First Ecommerce Platform\\src\\shared\\utils\\error.util.ts": {"path":"C:\\Users\\PC07\\Desktop\\Danmacho\\API-First Ecommerce Platform\\src\\shared\\utils\\error.util.ts","statementMap":{"0":{"start":{"line":56,"column":0},"end":{"line":56,"column":16}},"1":{"start":{"line":1,"column":0},"end":{"line":1,"column":48}},"2":{"start":{"line":13,"column":4},"end":{"line":13,"column":19}},"3":{"start":{"line":14,"column":4},"end":{"line":14,"column":34}},"4":{"start":{"line":15,"column":4},"end":{"line":15,"column":27}},"5":{"start":{"line":16,"column":4},"end":{"line":16,"column":59}},"6":{"start":{"line":11,"column":0},"end":{"line":11,"column":13}},"7":{"start":{"line":22,"column":4},"end":{"line":22,"column":19}},"8":{"start":{"line":23,"column":4},"end":{"line":23,"column":36}},"9":{"start":{"line":24,"column":4},"end":{"line":24,"column":27}},"10":{"start":{"line":25,"column":4},"end":{"line":25,"column":61}},"11":{"start":{"line":20,"column":0},"end":{"line":20,"column":13}},"12":{"start":{"line":31,"column":4},"end":{"line":31,"column":19}},"13":{"start":{"line":32,"column":4},"end":{"line":32,"column":33}},"14":{"start":{"line":33,"column":4},"end":{"line":33,"column":27}},"15":{"start":{"line":34,"column":4},"end":{"line":34,"column":58}},"16":{"start":{"line":29,"column":0},"end":{"line":29,"column":13}},"17":{"start":{"line":40,"column":4},"end":{"line":40,"column":19}},"18":{"start":{"line":41,"column":4},"end":{"line":41,"column":32}},"19":{"start":{"line":42,"column":4},"end":{"line":42,"column":27}},"20":{"start":{"line":43,"column":4},"end":{"line":43,"column":57}},"21":{"start":{"line":38,"column":0},"end":{"line":38,"column":13}},"22":{"start":{"line":49,"column":4},"end":{"line":49,"column":19}},"23":{"start":{"line":50,"column":4},"end":{"line":50,"column":32}},"24":{"start":{"line":51,"column":4},"end":{"line":51,"column":27}},"25":{"start":{"line":52,"column":4},"end":{"line":52,"column":57}},"26":{"start":{"line":47,"column":0},"end":{"line":47,"column":13}},"27":{"start":{"line":57,"column":23},"end":{"line":60,"column":4}},"28":{"start":{"line":63,"column":2},"end":{"line":68,"column":3}},"29":{"start":{"line":64,"column":4},"end":{"line":67,"column":6}},"30":{"start":{"line":70,"column":2},"end":{"line":78,"column":3}},"31":{"start":{"line":74,"column":4},"end":{"line":77,"column":6}},"32":{"start":{"line":80,"column":2},"end":{"line":85,"column":3}},"33":{"start":{"line":81,"column":4},"end":{"line":84,"column":6}},"34":{"start":{"line":87,"column":2},"end":{"line":92,"column":3}},"35":{"start":{"line":88,"column":4},"end":{"line":91,"column":6}},"36":{"start":{"line":94,"column":2},"end":{"line":99,"column":3}},"37":{"start":{"line":95,"column":4},"end":{"line":98,"column":6}},"38":{"start":{"line":101,"column":2},"end":{"line":106,"column":3}},"39":{"start":{"line":102,"column":4},"end":{"line":105,"column":6}},"40":{"start":{"line":108,"column":2},"end":{"line":111,"column":4}}},"fnMap":{"0":{"name":"(anonymous_0)","decl":{"start":{"line":12,"column":2},"end":{"line":12,"column":14}},"loc":{"start":{"line":12,"column":29},"end":{"line":17,"column":3}}},"1":{"name":"(anonymous_1)","decl":{"start":{"line":21,"column":2},"end":{"line":21,"column":14}},"loc":{"start":{"line":21,"column":29},"end":{"line":26,"column":3}}},"2":{"name":"(anonymous_2)","decl":{"start":{"line":30,"column":2},"end":{"line":30,"column":14}},"loc":{"start":{"line":30,"column":29},"end":{"line":35,"column":3}}},"3":{"name":"(anonymous_3)","decl":{"start":{"line":39,"column":2},"end":{"line":39,"column":14}},"loc":{"start":{"line":39,"column":29},"end":{"line":44,"column":3}}},"4":{"name":"(anonymous_4)","decl":{"start":{"line":48,"column":2},"end":{"line":48,"column":14}},"loc":{"start":{"line":48,"column":29},"end":{"line":53,"column":3}}},"5":{"name":"makeError","decl":{"start":{"line":56,"column":16},"end":{"line":56,"column":25}},"loc":{"start":{"line":56,"column":38},"end":{"line":112,"column":1}}}},"branchMap":{"0":{"loc":{"start":{"line":63,"column":2},"end":{"line":68,"column":3}},"type":"if","locations":[{"start":{"line":63,"column":2},"end":{"line":68,"column":3}}]},"1":{"loc":{"start":{"line":70,"column":2},"end":{"line":78,"column":3}},"type":"if","locations":[{"start":{"line":70,"column":2},"end":{"line":78,"column":3}}]},"2":{"loc":{"start":{"line":71,"column":4},"end":{"line":72,"column":39}},"type":"binary-expr","locations":[{"start":{"line":71,"column":4},"end":{"line":71,"column":44}},{"start":{"line":72,"column":4},"end":{"line":72,"column":39}}]},"3":{"loc":{"start":{"line":80,"column":2},"end":{"line":85,"column":3}},"type":"if","locations":[{"start":{"line":80,"column":2},"end":{"line":85,"column":3}}]},"4":{"loc":{"start":{"line":87,"column":2},"end":{"line":92,"column":3}},"type":"if","locations":[{"start":{"line":87,"column":2},"end":{"line":92,"column":3}}]},"5":{"loc":{"start":{"line":94,"column":2},"end":{"line":99,"column":3}},"type":"if","locations":[{"start":{"line":94,"column":2},"end":{"line":99,"column":3}}]},"6":{"loc":{"start":{"line":101,"column":2},"end":{"line":106,"column":3}},"type":"if","locations":[{"start":{"line":101,"column":2},"end":{"line":106,"column":3}}]}},"s":{"0":4,"1":4,"2":3,"3":3,"4":3,"5":3,"6":4,"7":1,"8":1,"9":1,"10":1,"11":4,"12":1,"13":1,"14":1,"15":1,"16":4,"17":2,"18":2,"19":2,"20":2,"21":4,"22":9,"23":9,"24":9,"25":9,"26":4,"27":7,"28":7,"29":1,"30":6,"31":1,"32":5,"33":1,"34":4,"35":1,"36":3,"37":1,"38":2,"39":1,"40":1},"f":{"0":3,"1":1,"2":1,"3":2,"4":9,"5":7},"b":{"0":[1],"1":[1],"2":[6,1],"3":[1],"4":[1],"5":[1],"6":[1]}}
,"C:\\Users\\PC07\\Desktop\\Danmacho\\API-First Ecommerce Platform\\src\\shared\\utils\\logger.ts": {"path":"C:\\Users\\PC07\\Desktop\\Danmacho\\API-First Ecommerce Platform\\src\\shared\\utils\\logger.ts","statementMap":{"0":{"start":{"line":2,"column":0},"end":{"line":2,"column":59}},"1":{"start":{"line":3,"column":0},"end":{"line":3,"column":28}},"2":{"start":{"line":5,"column":0},"end":{"line":5,"column":null}},"3":{"start":{"line":6,"column":2},"end":{"line":6,"column":null}},"4":{"start":{"line":7,"column":2},"end":{"line":7,"column":null}},"5":{"start":{"line":8,"column":2},"end":{"line":8,"column":null}},"6":{"start":{"line":22,"column":4},"end":{"line":24,"column":5}},"7":{"start":{"line":23,"column":6},"end":{"line":23,"column":52}},"8":{"start":{"line":33,"column":22},"end":{"line":33,"column":46}},"9":{"start":{"line":34,"column":23},"end":{"line":34,"column":52}},"10":{"start":{"line":35,"column":4},"end":{"line":35,"column":62}},"11":{"start":{"line":40,"column":47},"end":{"line":40,"column":54}},"12":{"start":{"line":43,"column":29},"end":{"line":43,"column":72}},"13":{"start":{"line":46,"column":4},"end":{"line":55,"column":5}},"14":{"start":{"line":48,"column":8},"end":{"line":48,"column":40}},"15":{"start":{"line":49,"column":8},"end":{"line":49,"column":14}},"16":{"start":{"line":51,"column":8},"end":{"line":51,"column":39}},"17":{"start":{"line":52,"column":8},"end":{"line":52,"column":14}},"18":{"start":{"line":54,"column":8},"end":{"line":54,"column":38}},"19":{"start":{"line":58,"column":4},"end":{"line":63,"column":5}},"20":{"start":{"line":59,"column":6},"end":{"line":59,"column":26}},"21":{"start":{"line":60,"column":6},"end":{"line":60,"column":68}},"22":{"start":{"line":62,"column":6},"end":{"line":62,"column":61}},"23":{"start":{"line":68,"column":4},"end":{"line":68,"column":57}},"24":{"start":{"line":72,"column":4},"end":{"line":72,"column":57}},"25":{"start":{"line":76,"column":4},"end":{"line":76,"column":58}},"26":{"start":{"line":16,"column":0},"end":{"line":16,"column":13}},"27":{"start":{"line":17,"column":17},"end":{"line":17,"column":59}},"28":{"start":{"line":18,"column":17},"end":{"line":18,"column":58}}},"fnMap":{"0":{"name":"(anonymous_0)","decl":{"start":{"line":5,"column":0},"end":{"line":5,"column":12}},"loc":{"start":{"line":5,"column":20},"end":{"line":9,"column":1}}},"1":{"name":"(anonymous_1)","decl":{"start":{"line":21,"column":10},"end":{"line":21,"column":16}},"loc":{"start":{"line":21,"column":29},"end":{"line":25,"column":3}}},"2":{"name":"(anonymous_2)","decl":{"start":{"line":28,"column":10},"end":{"line":28,"column":16}},"loc":{"start":{"line":31,"column":20},"end":{"line":36,"column":3}}},"3":{"name":"(anonymous_3)","decl":{"start":{"line":39,"column":2},"end":{"line":39,"column":8}},"loc":{"start":{"line":39,"column":54},"end":{"line":64,"column":3}}},"4":{"name":"(anonymous_4)","decl":{"start":{"line":67,"column":2},"end":{"line":67,"column":8}},"loc":{"start":{"line":67,"column":47},"end":{"line":69,"column":3}}},"5":{"name":"(anonymous_5)","decl":{"start":{"line":71,"column":2},"end":{"line":71,"column":8}},"loc":{"start":{"line":71,"column":47},"end":{"line":73,"column":3}}},"6":{"name":"(anonymous_6)","decl":{"start":{"line":75,"column":2},"end":{"line":75,"column":8}},"loc":{"start":{"line":75,"column":48},"end":{"line":77,"column":3}}}},"branchMap":{"0":{"loc":{"start":{"line":5,"column":12},"end":{"line":5,"column":null}},"type":"binary-expr","locations":[{"start":{"line":5,"column":12},"end":{"line":5,"column":20}},{"start":{"line":5,"column":20},"end":{"line":5,"column":null}}]},"1":{"loc":{"start":{"line":22,"column":4},"end":{"line":24,"column":5}},"type":"if","locations":[{"start":{"line":22,"column":4},"end":{"line":24,"column":5}}]},"2":{"loc":{"start":{"line":34,"column":23},"end":{"line":34,"column":52}},"type":"cond-expr","locations":[{"start":{"line":34,"column":33},"end":{"line":34,"column":47}},{"start":{"line":34,"column":50},"end":{"line":34,"column":52}}]},"3":{"loc":{"start":{"line":39,"column":30},"end":{"line":39,"column":54}},"type":"default-arg","locations":[{"start":{"line":39,"column":52},"end":{"line":39,"column":54}}]},"4":{"loc":{"start":{"line":40,"column":12},"end":{"line":40,"column":33}},"type":"default-arg","locations":[{"start":{"line":40,"column":20},"end":{"line":40,"column":33}}]},"5":{"loc":{"start":{"line":46,"column":4},"end":{"line":55,"column":5}},"type":"switch","locations":[{"start":{"line":47,"column":6},"end":{"line":49,"column":14}},{"start":{"line":50,"column":6},"end":{"line":52,"column":14}},{"start":{"line":53,"column":6},"end":{"line":54,"column":38}}]}},"s":{"0":3,"1":3,"2":3,"3":3,"4":3,"5":3,"6":6,"7":0,"8":6,"9":6,"10":6,"11":6,"12":6,"13":6,"14":1,"15":1,"16":0,"17":0,"18":5,"19":6,"20":6,"21":6,"22":0,"23":5,"24":0,"25":1,"26":3,"27":3,"28":3},"f":{"0":3,"1":6,"2":6,"3":6,"4":5,"5":0,"6":1},"b":{"0":[3,3],"1":[0],"2":[6,0],"3":[0],"4":[0],"5":[1,0,5]}}
,"C:\\Users\\PC07\\Desktop\\Danmacho\\API-First Ecommerce Platform\\src\\shared\\utils\\response.util.ts": {"path":"C:\\Users\\PC07\\Desktop\\Danmacho\\API-First Ecommerce Platform\\src\\shared\\utils\\response.util.ts","statementMap":{"0":{"start":{"line":9,"column":4},"end":{"line":9,"column":53}},"1":{"start":{"line":13,"column":4},"end":{"line":13,"column":39}},"2":{"start":{"line":7,"column":0},"end":{"line":7,"column":13}}},"fnMap":{"0":{"name":"(anonymous_0)","decl":{"start":{"line":8,"column":2},"end":{"line":8,"column":8}},"loc":{"start":{"line":8,"column":45},"end":{"line":10,"column":3}}},"1":{"name":"(anonymous_1)","decl":{"start":{"line":12,"column":2},"end":{"line":12,"column":8}},"loc":{"start":{"line":12,"column":30},"end":{"line":14,"column":3}}}},"branchMap":{},"s":{"0":8,"1":0,"2":2},"f":{"0":8,"1":0},"b":{}}
}
