TN:
SF:src\config\config.service.ts
FN:4,(anonymous_0)
FN:7,(anonymous_1)
FN:11,(anonymous_2)
FN:15,(anonymous_3)
FN:24,(anonymous_4)
FN:32,(anonymous_5)
FNF:6
FNH:3
FNDA:0,(anonymous_0)
FNDA:2,(anonymous_1)
FNDA:4,(anonymous_2)
FNDA:5,(anonymous_3)
FNDA:0,(anonymous_4)
FNDA:0,(anonymous_5)
DA:3,4
DA:5,0
DA:8,2
DA:12,4
DA:16,5
DA:25,0
DA:33,0
LF:7
LH:4
BRDA:5,0,0,0
BRDA:5,0,1,0
BRDA:12,1,0,4
BRDA:12,1,1,3
BRF:4
BRH:2
end_of_record
TN:
SF:src\modules\auth\auth.controller.ts
FN:20,(anonymous_0)
FN:30,(anonymous_1)
FN:59,(anonymous_2)
FN:95,(anonymous_3)
FNF:4
FNH:4
FNDA:8,(anonymous_0)
FNDA:2,(anonymous_1)
FNDA:4,(anonymous_2)
FNDA:2,(anonymous_3)
DA:4,1
DA:5,1
DA:9,1
DA:10,1
DA:13,1
DA:14,1
DA:19,1
DA:21,8
DA:22,8
DA:23,8
DA:31,2
DA:33,2
DA:34,2
DA:35,1
DA:38,1
DA:40,1
DA:47,1
DA:48,1
DA:60,4
DA:62,4
DA:63,4
DA:64,1
DA:67,3
DA:68,1
DA:71,2
DA:75,2
DA:76,1
DA:79,1
DA:80,1
DA:82,1
DA:83,1
DA:84,1
DA:96,2
DA:97,2
DA:99,2
DA:101,1
DA:102,1
DA:104,1
LF:38
LH:38
BRDA:34,0,0,1
BRDA:63,1,0,1
BRDA:67,2,0,1
BRDA:75,3,0,1
BRDA:99,4,0,1
BRF:5
BRH:5
end_of_record
TN:
SF:src\modules\auth\auth.repo.ts
FN:9,(anonymous_1)
FN:31,(anonymous_2)
FN:39,(anonymous_3)
FN:46,(anonymous_4)
FN:58,(anonymous_5)
FN:84,(anonymous_6)
FNF:6
FNH:6
FNDA:1,(anonymous_1)
FNDA:1,(anonymous_2)
FNDA:1,(anonymous_3)
FNDA:2,(anonymous_4)
FNDA:3,(anonymous_5)
FNDA:2,(anonymous_6)
DA:1,1
DA:6,1
DA:7,1
DA:8,1
DA:18,1
DA:32,1
DA:40,1
DA:47,2
DA:48,2
DA:49,0
DA:56,0
DA:59,3
DA:60,3
DA:62,0
DA:63,0
DA:64,0
DA:65,0
DA:66,0
DA:69,0
DA:70,0
DA:71,0
DA:78,0
DA:81,0
DA:85,2
DA:88,2
LF:25
LH:13
BRDA:21,0,0,1
BRDA:21,0,1,0
BRDA:24,1,0,1
BRDA:24,1,1,0
BRDA:26,2,0,1
BRDA:26,2,1,1
BRDA:48,3,0,2
BRDA:60,4,0,3
BRDA:62,5,0,0
BRDA:62,5,1,0
BRDA:64,6,0,0
BRF:11
BRH:6
end_of_record
TN:
SF:src\modules\auth\auth.service.ts
FN:10,(anonymous_0)
FN:16,(anonymous_1)
FN:28,(anonymous_2)
FN:32,(anonymous_3)
FN:36,(anonymous_4)
FN:40,(anonymous_5)
FN:45,(anonymous_6)
FNF:7
FNH:7
FNDA:9,(anonymous_0)
FNDA:1,(anonymous_1)
FNDA:2,(anonymous_2)
FNDA:1,(anonymous_3)
FNDA:1,(anonymous_4)
FNDA:2,(anonymous_5)
FNDA:2,(anonymous_6)
DA:9,1
DA:11,9
DA:12,9
DA:13,9
DA:25,1
DA:29,2
DA:33,1
DA:37,1
DA:41,2
DA:42,2
DA:46,2
LF:11
LH:11
BRF:0
BRH:0
end_of_record
TN:
SF:src\modules\auth\auth.util.ts
FN:5,(anonymous_0)
FN:14,(anonymous_1)
FNF:2
FNH:2
FNDA:2,(anonymous_0)
FNDA:1,(anonymous_1)
DA:2,2
DA:3,2
DA:5,2
DA:14,2
DA:20,1
DA:24,1
LF:6
LH:6
BRF:0
BRH:0
end_of_record
TN:
SF:src\modules\auth\crypto.service.ts
FN:8,(anonymous_1)
FN:11,(anonymous_2)
FN:15,(anonymous_3)
FNF:3
FNH:3
FNDA:3,(anonymous_1)
FNDA:1,(anonymous_2)
FNDA:2,(anonymous_3)
DA:1,1
DA:8,1
DA:9,3
DA:12,1
DA:16,2
LF:5
LH:5
BRF:0
BRH:0
end_of_record
TN:
SF:src\modules\auth\jwt.util.ts
FN:12,generateToken
FN:24,(anonymous_2)
FNF:2
FNH:2
FNDA:4,generateToken
FNDA:2,(anonymous_2)
DA:1,2
DA:2,2
DA:10,2
DA:12,2
DA:18,4
DA:19,1
DA:21,3
DA:24,2
DA:25,2
LF:9
LH:9
BRDA:10,0,0,2
BRDA:10,0,1,0
BRDA:14,1,0,1
BRDA:18,2,0,1
BRF:4
BRH:3
end_of_record
TN:
SF:src\modules\auth\session.strategy.ts
FN:35,(anonymous_0)
FN:40,(anonymous_1)
FN:62,(anonymous_2)
FNF:3
FNH:3
FNDA:5,(anonymous_0)
FNDA:3,(anonymous_1)
FNDA:2,(anonymous_2)
DA:3,1
DA:5,1
DA:6,1
DA:33,1
DA:36,5
DA:37,5
DA:42,3
DA:43,2
DA:44,2
DA:45,1
DA:52,2
DA:59,2
DA:64,2
DA:66,1
DA:68,1
LF:15
LH:15
BRDA:42,0,0,2
BRDA:44,1,0,1
BRDA:64,2,0,1
BRF:3
BRH:3
end_of_record
TN:
SF:src\shared\middlewares\asyncHandler.middleware.ts
FN:4,(anonymous_0)
FN:4,(anonymous_1)
FNF:2
FNH:2
FNDA:2,(anonymous_0)
FNDA:2,(anonymous_1)
DA:3,1
DA:4,2
DA:5,2
LF:3
LH:3
BRF:0
BRH:0
end_of_record
TN:
SF:src\shared\utils\error.util.ts
FN:12,(anonymous_0)
FN:21,(anonymous_1)
FN:30,(anonymous_2)
FN:39,(anonymous_3)
FN:48,(anonymous_4)
FN:56,makeError
FNF:6
FNH:6
FNDA:3,(anonymous_0)
FNDA:1,(anonymous_1)
FNDA:1,(anonymous_2)
FNDA:2,(anonymous_3)
FNDA:9,(anonymous_4)
FNDA:7,makeError
DA:1,4
DA:11,4
DA:13,3
DA:14,3
DA:15,3
DA:16,3
DA:20,4
DA:22,1
DA:23,1
DA:24,1
DA:25,1
DA:29,4
DA:31,1
DA:32,1
DA:33,1
DA:34,1
DA:38,4
DA:40,2
DA:41,2
DA:42,2
DA:43,2
DA:47,4
DA:49,9
DA:50,9
DA:51,9
DA:52,9
DA:56,4
DA:57,7
DA:63,7
DA:64,1
DA:70,6
DA:74,1
DA:80,5
DA:81,1
DA:87,4
DA:88,1
DA:94,3
DA:95,1
DA:101,2
DA:102,1
DA:108,1
LF:41
LH:41
BRDA:63,0,0,1
BRDA:70,1,0,1
BRDA:71,2,0,6
BRDA:71,2,1,1
BRDA:80,3,0,1
BRDA:87,4,0,1
BRDA:94,5,0,1
BRDA:101,6,0,1
BRF:8
BRH:8
end_of_record
TN:
SF:src\shared\utils\logger.ts
FN:5,(anonymous_0)
FN:21,(anonymous_1)
FN:28,(anonymous_2)
FN:39,(anonymous_3)
FN:67,(anonymous_4)
FN:71,(anonymous_5)
FN:75,(anonymous_6)
FNF:7
FNH:6
FNDA:3,(anonymous_0)
FNDA:6,(anonymous_1)
FNDA:6,(anonymous_2)
FNDA:6,(anonymous_3)
FNDA:5,(anonymous_4)
FNDA:0,(anonymous_5)
FNDA:1,(anonymous_6)
DA:2,3
DA:3,3
DA:5,3
DA:6,3
DA:7,3
DA:8,3
DA:16,3
DA:17,3
DA:18,3
DA:22,6
DA:23,0
DA:33,6
DA:34,6
DA:35,6
DA:40,6
DA:43,6
DA:46,6
DA:48,1
DA:49,1
DA:51,0
DA:52,0
DA:54,5
DA:58,6
DA:59,6
DA:60,6
DA:62,0
DA:68,5
DA:72,0
DA:76,1
LF:29
LH:24
BRDA:5,0,0,3
BRDA:5,0,1,3
BRDA:22,1,0,0
BRDA:34,2,0,6
BRDA:34,2,1,0
BRDA:39,3,0,0
BRDA:40,4,0,0
BRDA:46,5,0,1
BRDA:46,5,1,0
BRDA:46,5,2,5
BRF:10
BRH:5
end_of_record
TN:
SF:src\shared\utils\response.util.ts
FN:8,(anonymous_0)
FN:12,(anonymous_1)
FNF:2
FNH:1
FNDA:8,(anonymous_0)
FNDA:0,(anonymous_1)
DA:7,2
DA:9,8
DA:13,0
LF:3
LH:2
BRF:0
BRH:0
end_of_record
